timestamp: 2015-11-15T14:20:40.505409
CREATE TABLE auth_user(
    id INTEGER PRIMARY KEY AUTOINCREMENT,
    first_name CHAR(128),
    last_name CHAR(128),
    email CHAR(512),
    password CHAR(512),
    registration_key CHAR(512),
    reset_password_key CHAR(512),
    registration_id CHAR(512)
);
success!
timestamp: 2015-11-15T14:20:40.757654
CREATE TABLE auth_group(
    id INTEGER PRIMARY KEY AUTOINCREMENT,
    role CHAR(512),
    description TEXT
);
success!
timestamp: 2015-11-15T14:20:40.842331
CREATE TABLE auth_membership(
    id INTEGER PRIMARY KEY AUTOINCREMENT,
    user_id INTEGER REFERENCES auth_user (id) ON DELETE CASCADE  ,
    group_id INTEGER REFERENCES auth_group (id) ON DELETE CASCADE  
);
success!
timestamp: 2015-11-15T14:20:40.952372
CREATE TABLE auth_permission(
    id INTEGER PRIMARY KEY AUTOINCREMENT,
    group_id INTEGER REFERENCES auth_group (id) ON DELETE CASCADE  ,
    name CHAR(512),
    table_name CHAR(512),
    record_id INTEGER
);
success!
timestamp: 2015-11-15T14:20:41.077502
CREATE TABLE auth_event(
    id INTEGER PRIMARY KEY AUTOINCREMENT,
    time_stamp TIMESTAMP,
    client_ip CHAR(512),
    user_id INTEGER REFERENCES auth_user (id) ON DELETE CASCADE  ,
    origin CHAR(512),
    description TEXT
);
success!
timestamp: 2015-11-15T14:20:41.212753
CREATE TABLE auth_cas(
    id INTEGER PRIMARY KEY AUTOINCREMENT,
    user_id INTEGER REFERENCES auth_user (id) ON DELETE CASCADE  ,
    created_on TIMESTAMP,
    service CHAR(512),
    ticket CHAR(512),
    renew CHAR(1)
);
success!
timestamp: 2015-11-15T14:21:40.505320
ALTER TABLE auth_user ADD dob DATE;
timestamp: 2015-11-15T14:21:40.634020
ALTER TABLE auth_user ADD gender CHAR(512);
timestamp: 2015-11-15T14:21:40.760983
ALTER TABLE auth_user ADD profile_picture CHAR(512);
timestamp: 2015-11-15T14:21:40.885455
ALTER TABLE auth_user ADD pic_blob BLOB;
success!
success!
success!
success!
success!
success!
success!
success!
success!
success!
success!
success!
success!
success!
success!
success!
success!
success!
success!
success!
success!
success!
success!
success!
success!
timestamp: 2015-11-15T14:31:42.430118
CREATE TABLE tbl_gallery(
    id INTEGER PRIMARY KEY AUTOINCREMENT,
    gallery_name CHAR(512),
    description TEXT,
    is_active CHAR(1),
    created_on TIMESTAMP,
    created_by INTEGER REFERENCES auth_user (id) ON DELETE CASCADE  ,
    modified_on TIMESTAMP,
    modified_by INTEGER REFERENCES auth_user (id) ON DELETE CASCADE  
);
success!
timestamp: 2015-11-15T14:31:42.588723
CREATE TABLE tbl_pictures(
    id INTEGER PRIMARY KEY AUTOINCREMENT,
    galleryId INTEGER REFERENCES tbl_gallery (id) ON DELETE CASCADE  ,
    pic_blob BLOB,
    pic_upload CHAR(512),
    description TEXT,
    is_active CHAR(1),
    created_on TIMESTAMP,
    created_by INTEGER REFERENCES auth_user (id) ON DELETE CASCADE  ,
    modified_on TIMESTAMP,
    modified_by INTEGER REFERENCES auth_user (id) ON DELETE CASCADE  
);
success!
success!
